0 info it worked if it ends with ok
1 verbose cli [ '/usr/local/Cellar/node/6.4.0/bin/node',
1 verbose cli   '/usr/local/bin/npm',
1 verbose cli   'start' ]
2 info using npm@3.10.3
3 info using node@v6.4.0
4 verbose run-script [ 'prestart', 'start', 'poststart' ]
5 info lifecycle Loteria@0.0.0~prestart: Loteria@0.0.0
6 silly lifecycle Loteria@0.0.0~prestart: no script for prestart, continuing
7 info lifecycle Loteria@0.0.0~start: Loteria@0.0.0
8 verbose lifecycle Loteria@0.0.0~start: unsafe-perm in lifecycle true
9 verbose lifecycle Loteria@0.0.0~start: PATH: /usr/local/lib/node_modules/npm/bin/node-gyp-bin:/Users/Invader/Downloads/Documents/projects/loteria/node_modules/.bin:/usr/local/Cellar/node/6.4.0/bin:/Users/Invader/local/bin:/Users/Invader/local/node/bin:/Users/olmo/Downloads/android-sdk-mac_86/tools:/Users/Invader/cl/bin:/Users/Invader/bin:/opt/local/bin:/opt/local/sbin:/usr/local/bin:/usr/bin:/bin:/usr/sbin:/sbin:/opt/X11/bin
10 verbose lifecycle Loteria@0.0.0~start: CWD: /Users/Invader/Downloads/Documents/projects/loteria
11 silly lifecycle Loteria@0.0.0~start: Args: [ '-c', 'node server' ]
12 silly lifecycle Loteria@0.0.0~start: Returned: code: 1  signal: null
13 info lifecycle Loteria@0.0.0~start: Failed to exec start script
14 verbose stack Error: Loteria@0.0.0 start: `node server`
14 verbose stack Exit status 1
14 verbose stack     at EventEmitter.<anonymous> (/usr/local/lib/node_modules/npm/lib/utils/lifecycle.js:242:16)
14 verbose stack     at emitTwo (events.js:106:13)
14 verbose stack     at EventEmitter.emit (events.js:191:7)
14 verbose stack     at ChildProcess.<anonymous> (/usr/local/lib/node_modules/npm/lib/utils/spawn.js:40:14)
14 verbose stack     at emitTwo (events.js:106:13)
14 verbose stack     at ChildProcess.emit (events.js:191:7)
14 verbose stack     at maybeClose (internal/child_process.js:852:16)
14 verbose stack     at Process.ChildProcess._handle.onexit (internal/child_process.js:215:5)
15 verbose pkgid Loteria@0.0.0
16 verbose cwd /Users/Invader/Downloads/Documents/projects/loteria
17 error Darwin 15.4.0
18 error argv "/usr/local/Cellar/node/6.4.0/bin/node" "/usr/local/bin/npm" "start"
19 error node v6.4.0
20 error npm  v3.10.3
21 error code ELIFECYCLE
22 error Loteria@0.0.0 start: `node server`
22 error Exit status 1
23 error Failed at the Loteria@0.0.0 start script 'node server'.
23 error Make sure you have the latest version of node.js and npm installed.
23 error If you do, this is most likely a problem with the Loteria package,
23 error not with npm itself.
23 error Tell the author that this fails on your system:
23 error     node server
23 error You can get information on how to open an issue for this project with:
23 error     npm bugs Loteria
23 error Or if that isn't available, you can get their info via:
23 error     npm owner ls Loteria
23 error There is likely additional logging output above.
24 verbose exit [ 1, true ]
